2021-07-20 11:22:43,335:DBCreation:ERROR:32
2021-07-20 11:22:43,336:TableCreation:ERROR:47
2021-07-20 11:22:43,337:insertRecords:ERROR:58
2021-07-20 11:22:43,338:deleteRecords:ERROR:84
2021-07-20 11:22:43,338:updateRecords:ERROR:75
2021-07-20 11:22:43,339:sortRecords:ERROR:105
2021-07-20 11:22:43,340:read_table:ERROR:94
2021-07-20 11:23:31,252:DBCreation:ERROR:32
2021-07-20 11:23:31,253:TableCreation:ERROR:47
2021-07-20 11:23:31,253:insertRecords:ERROR:58
2021-07-20 11:23:31,253:deleteRecords:ERROR:84
2021-07-20 11:23:31,253:updateRecords:ERROR:75
2021-07-20 11:23:31,253:sortRecords:ERROR:105
2021-07-20 11:23:31,253:read_table:ERROR:94
2021-07-20 11:27:04,624:__init__:ERROR:25
2021-07-20 11:27:04,624:TableCreation:ERROR:49
2021-07-20 11:27:04,625:insertRecords:ERROR:60
2021-07-20 11:27:04,625:deleteRecords:ERROR:86
2021-07-20 11:27:04,625:updateRecords:ERROR:77
2021-07-20 11:27:04,625:sortRecords:ERROR:107
2021-07-20 11:27:04,626:read_table:ERROR:96
2021-07-20 12:11:44,682:__init__:ERROR:25
2021-07-20 12:11:44,683:TableCreation:ERROR:49
2021-07-20 12:11:44,683:insertRecords:ERROR:60
2021-07-20 12:11:44,683:deleteRecords:ERROR:86
2021-07-20 12:11:44,683:updateRecords:ERROR:77
2021-07-20 12:11:44,683:sortRecords:ERROR:107
2021-07-20 12:11:44,684:read_table:ERROR:96
2021-07-20 12:11:45,598:__init__:ERROR:25
2021-07-20 12:11:45,598:TableCreation:ERROR:49
2021-07-20 12:11:45,599:insertRecords:ERROR:60
2021-07-20 12:11:45,599:deleteRecords:ERROR:86
2021-07-20 12:11:45,599:updateRecords:ERROR:77
2021-07-20 12:11:45,600:sortRecords:ERROR:107
2021-07-20 12:11:45,600:read_table:ERROR:96
2021-07-20 12:11:45,694:__init__:ERROR:25
2021-07-20 12:11:45,695:TableCreation:ERROR:49
2021-07-20 12:11:45,695:insertRecords:ERROR:60
2021-07-20 12:11:45,695:deleteRecords:ERROR:86
2021-07-20 12:11:45,695:updateRecords:ERROR:77
2021-07-20 12:11:45,695:sortRecords:ERROR:107
2021-07-20 12:11:45,696:read_table:ERROR:96
2021-07-20 12:17:56,897:__init__:ERROR:25
2021-07-20 12:17:56,898:read_table:ERROR:96
2021-07-20 18:53:03,287:__init__:ERROR:25
2021-07-20 18:54:30,448:__init__:ERROR:25
2021-07-20 18:55:35,943:__init__:ERROR:25
2021-07-20 18:59:31,641:__init__:ERROR:25
2021-07-20 18:59:31,645:TableCreation:ERROR:49
2021-07-20 19:00:12,288:TableCreation:ERROR:49
2021-07-20 19:12:16,339:TableCreation:ERROR:49
2021-07-20 19:13:57,922:TableCreation:ERROR:49
